G:\UNIVERSITY WORK\YEAR_3\INDIVIDUAL PROJECT\PROJECT\DISSERTATION\DISSERTATION\RELEASE\UTILITIES.OBJ
G:\UNIVERSITY WORK\YEAR_3\INDIVIDUAL PROJECT\PROJECT\DISSERTATION\DISSERTATION\RELEASE\TEXTURELOADER.OBJ
G:\UNIVERSITY WORK\YEAR_3\INDIVIDUAL PROJECT\PROJECT\DISSERTATION\DISSERTATION\RELEASE\RAIN.OBJ
G:\UNIVERSITY WORK\YEAR_3\INDIVIDUAL PROJECT\PROJECT\DISSERTATION\DISSERTATION\RELEASE\PROGRAMLOADER.OBJ
G:\UNIVERSITY WORK\YEAR_3\INDIVIDUAL PROJECT\PROJECT\DISSERTATION\DISSERTATION\RELEASE\PARTICAL_SYSTEM.OBJ
G:\UNIVERSITY WORK\YEAR_3\INDIVIDUAL PROJECT\PROJECT\DISSERTATION\DISSERTATION\RELEASE\OBJECTLOADER.OBJ
G:\UNIVERSITY WORK\YEAR_3\INDIVIDUAL PROJECT\PROJECT\DISSERTATION\DISSERTATION\RELEASE\MODEL.OBJ
G:\UNIVERSITY WORK\YEAR_3\INDIVIDUAL PROJECT\PROJECT\DISSERTATION\DISSERTATION\RELEASE\MAIN.OBJ
G:\UNIVERSITY WORK\YEAR_3\INDIVIDUAL PROJECT\PROJECT\DISSERTATION\DISSERTATION\RELEASE\LIGHTS.OBJ
G:\UNIVERSITY WORK\YEAR_3\INDIVIDUAL PROJECT\PROJECT\DISSERTATION\DISSERTATION\RELEASE\GLEW.OBJ
G:\UNIVERSITY WORK\YEAR_3\INDIVIDUAL PROJECT\PROJECT\DISSERTATION\DISSERTATION\RELEASE\FRAMEBUFFER.OBJ
G:\UNIVERSITY WORK\YEAR_3\INDIVIDUAL PROJECT\PROJECT\DISSERTATION\DISSERTATION\RELEASE\CAMERA.OBJ
G:\UNIVERSITY WORK\YEAR_3\INDIVIDUAL PROJECT\PROJECT\DISSERTATION\DISSERTATION\RELEASE\APPLICATION.OBJ
G:\UNIVERSITY WORK\YEAR_3\INDIVIDUAL PROJECT\PROJECT\DISSERTATION\DISSERTATION\RELEASE\VC100.PDB
G:\UNIVERSITY WORK\YEAR_3\INDIVIDUAL PROJECT\PROJECT\DISSERTATION\DISSERTATION\RELEASE\LIGHTNING.OBJ
G:\UNIVERSITY WORK\YEAR_3\INDIVIDUAL PROJECT\PROJECT\DISSERTATION\RELEASE\DISSERTATION.EXE
G:\UNIVERSITY WORK\YEAR_3\INDIVIDUAL PROJECT\PROJECT\DISSERTATION\DISSERTATION\RELEASE\DISSERTATION.EXE.INTERMEDIATE.MANIFEST
G:\UNIVERSITY WORK\YEAR_3\INDIVIDUAL PROJECT\PROJECT\DISSERTATION\RELEASE\DISSERTATION.PDB
G:\University Work\Year_3\Individual Project\Project\Dissertation\Dissertation\Release\Application.obj
G:\University Work\Year_3\Individual Project\Project\Dissertation\Dissertation\Release\Camera.obj
G:\University Work\Year_3\Individual Project\Project\Dissertation\Dissertation\Release\FrameBuffer.obj
G:\University Work\Year_3\Individual Project\Project\Dissertation\Dissertation\Release\glew.obj
G:\University Work\Year_3\Individual Project\Project\Dissertation\Dissertation\Release\Lightning.obj
G:\University Work\Year_3\Individual Project\Project\Dissertation\Dissertation\Release\Lights.obj
G:\University Work\Year_3\Individual Project\Project\Dissertation\Dissertation\Release\Main.obj
G:\University Work\Year_3\Individual Project\Project\Dissertation\Dissertation\Release\Model.obj
G:\University Work\Year_3\Individual Project\Project\Dissertation\Dissertation\Release\ObjectLoader.obj
G:\University Work\Year_3\Individual Project\Project\Dissertation\Dissertation\Release\Partical_System.obj
G:\University Work\Year_3\Individual Project\Project\Dissertation\Dissertation\Release\ProgramLoader.obj
G:\University Work\Year_3\Individual Project\Project\Dissertation\Dissertation\Release\Rain.obj
G:\University Work\Year_3\Individual Project\Project\Dissertation\Dissertation\Release\TextureLoader.obj
G:\University Work\Year_3\Individual Project\Project\Dissertation\Dissertation\Release\Utilities.obj
G:\University Work\Year_3\Individual Project\Project\Dissertation\Dissertation\Release\cl.command.1.tlog
G:\University Work\Year_3\Individual Project\Project\Dissertation\Dissertation\Release\CL.read.1.tlog
G:\University Work\Year_3\Individual Project\Project\Dissertation\Dissertation\Release\CL.write.1.tlog
G:\University Work\Year_3\Individual Project\Project\Dissertation\Dissertation\Release\link.command.1.tlog
G:\University Work\Year_3\Individual Project\Project\Dissertation\Dissertation\Release\link.read.1.tlog
G:\University Work\Year_3\Individual Project\Project\Dissertation\Dissertation\Release\link.write.1.tlog
G:\University Work\Year_3\Individual Project\Project\Dissertation\Dissertation\Release\mt.command.1.tlog
G:\University Work\Year_3\Individual Project\Project\Dissertation\Dissertation\Release\mt.read.1.tlog
G:\University Work\Year_3\Individual Project\Project\Dissertation\Dissertation\Release\mt.write.1.tlog
G:\University Work\Year_3\Individual Project\Project\Dissertation\Dissertation\Release\Dissertation.exe.intermediate.manifest
G:\University Work\Year_3\Individual Project\Project\Dissertation\Dissertation\Release\vc100.pdb
G:\University Work\Year_3\Individual Project\Project\Dissertation\Release\Dissertation.pdb
G:\University Work\Year_3\Individual Project\Project\Dissertation\Release\Dissertation.exe
